mode: set
kemejaku/business/kemejakeranjangs/usecase.go:20.131,25.2 1 1
kemejaku/business/kemejakeranjangs/usecase.go:28.130,29.22 1 1
kemejaku/business/kemejakeranjangs/usecase.go:33.2,33.25 1 1
kemejaku/business/kemejakeranjangs/usecase.go:37.2,37.20 1 1
kemejaku/business/kemejakeranjangs/usecase.go:41.2,41.19 1 1
kemejaku/business/kemejakeranjangs/usecase.go:45.2,47.16 2 1
kemejaku/business/kemejakeranjangs/usecase.go:51.2,51.20 1 1
kemejaku/business/kemejakeranjangs/usecase.go:29.22,31.3 1 1
kemejaku/business/kemejakeranjangs/usecase.go:33.25,35.3 1 1
kemejaku/business/kemejakeranjangs/usecase.go:37.20,39.3 1 1
kemejaku/business/kemejakeranjangs/usecase.go:41.19,43.3 1 1
kemejaku/business/kemejakeranjangs/usecase.go:47.16,49.3 1 1
kemejaku/business/kemejakeranjangs/usecase.go:54.112,57.16 2 1
kemejaku/business/kemejakeranjangs/usecase.go:61.2,61.20 1 1
kemejaku/business/kemejakeranjangs/usecase.go:57.16,59.3 1 1
kemejaku/business/kemejakeranjangs/usecase.go:64.121,65.13 1 1
kemejaku/business/kemejakeranjangs/usecase.go:69.2,71.16 2 1
kemejaku/business/kemejakeranjangs/usecase.go:75.2,75.20 1 1
kemejaku/business/kemejakeranjangs/usecase.go:65.13,67.3 1 1
kemejaku/business/kemejakeranjangs/usecase.go:71.16,73.3 1 1
kemejaku/business/kemejakeranjangs/usecase.go:78.136,79.13 1 1
kemejaku/business/kemejakeranjangs/usecase.go:83.2,83.20 1 1
kemejaku/business/kemejakeranjangs/usecase.go:87.2,87.19 1 1
kemejaku/business/kemejakeranjangs/usecase.go:91.2,93.16 2 1
kemejaku/business/kemejakeranjangs/usecase.go:97.2,97.20 1 1
kemejaku/business/kemejakeranjangs/usecase.go:79.13,81.3 1 1
kemejaku/business/kemejakeranjangs/usecase.go:83.20,85.3 1 1
kemejaku/business/kemejakeranjangs/usecase.go:87.19,89.3 1 1
kemejaku/business/kemejakeranjangs/usecase.go:93.16,95.3 1 1
kemejaku/business/kemejakeranjangs/usecase.go:100.118,101.13 1 1
kemejaku/business/kemejakeranjangs/usecase.go:105.2,107.16 2 1
kemejaku/business/kemejakeranjangs/usecase.go:111.2,111.20 1 1
kemejaku/business/kemejakeranjangs/usecase.go:101.13,103.3 1 1
kemejaku/business/kemejakeranjangs/usecase.go:107.16,109.3 1 1
kemejaku/business/kemejas/usecase.go:17.108,22.2 1 1
kemejaku/business/kemejas/usecase.go:24.102,25.23 1 1
kemejaku/business/kemejas/usecase.go:29.2,29.28 1 1
kemejaku/business/kemejas/usecase.go:33.2,33.23 1 1
kemejaku/business/kemejas/usecase.go:37.2,37.25 1 1
kemejaku/business/kemejas/usecase.go:41.2,41.25 1 1
kemejaku/business/kemejas/usecase.go:45.2,45.25 1 1
kemejaku/business/kemejas/usecase.go:49.2,51.16 2 1
kemejaku/business/kemejas/usecase.go:55.2,55.24 1 1
kemejaku/business/kemejas/usecase.go:25.23,27.3 1 1
kemejaku/business/kemejas/usecase.go:29.28,31.3 1 1
kemejaku/business/kemejas/usecase.go:33.23,35.3 1 1
kemejaku/business/kemejas/usecase.go:37.25,39.3 1 1
kemejaku/business/kemejas/usecase.go:41.25,43.3 1 1
kemejaku/business/kemejas/usecase.go:45.25,47.3 1 1
kemejaku/business/kemejas/usecase.go:51.16,53.3 1 1
kemejaku/business/kemejas/usecase.go:58.89,61.16 2 1
kemejaku/business/kemejas/usecase.go:65.2,65.24 1 1
kemejaku/business/kemejas/usecase.go:61.16,63.3 1 1
kemejaku/business/kemejas/usecase.go:68.98,69.13 1 1
kemejaku/business/kemejas/usecase.go:73.2,75.16 2 1
kemejaku/business/kemejas/usecase.go:79.2,79.24 1 1
kemejaku/business/kemejas/usecase.go:69.13,71.3 1 1
kemejaku/business/kemejas/usecase.go:75.16,77.3 1 1
kemejaku/business/kemejas/usecase.go:82.108,83.13 1 1
kemejaku/business/kemejas/usecase.go:87.2,87.23 1 1
kemejaku/business/kemejas/usecase.go:91.2,91.28 1 1
kemejaku/business/kemejas/usecase.go:95.2,95.23 1 1
kemejaku/business/kemejas/usecase.go:99.2,101.16 2 1
kemejaku/business/kemejas/usecase.go:105.2,105.24 1 1
kemejaku/business/kemejas/usecase.go:83.13,85.3 1 1
kemejaku/business/kemejas/usecase.go:87.23,89.3 1 1
kemejaku/business/kemejas/usecase.go:91.28,93.3 1 1
kemejaku/business/kemejas/usecase.go:95.23,97.3 1 1
kemejaku/business/kemejas/usecase.go:101.16,103.3 1 1
kemejaku/business/kemejas/usecase.go:108.95,109.13 1 1
kemejaku/business/kemejas/usecase.go:113.2,115.16 2 1
kemejaku/business/kemejas/usecase.go:119.2,119.24 1 1
kemejaku/business/kemejas/usecase.go:109.13,111.3 1 1
kemejaku/business/kemejas/usecase.go:115.16,117.3 1 1
kemejaku/business/keranjangs/usecase.go:14.112,19.2 1 1
kemejaku/business/keranjangs/usecase.go:22.105,23.20 1 1
kemejaku/business/keranjangs/usecase.go:27.2,29.16 2 1
kemejaku/business/keranjangs/usecase.go:33.2,33.20 1 1
kemejaku/business/keranjangs/usecase.go:23.20,25.3 1 1
kemejaku/business/keranjangs/usecase.go:29.16,31.3 1 1
kemejaku/business/keranjangs/usecase.go:36.93,39.16 2 1
kemejaku/business/keranjangs/usecase.go:43.2,43.20 1 1
kemejaku/business/keranjangs/usecase.go:39.16,41.3 1 1
kemejaku/business/keranjangs/usecase.go:46.102,47.13 1 1
kemejaku/business/keranjangs/usecase.go:51.2,53.16 2 1
kemejaku/business/keranjangs/usecase.go:57.2,57.20 1 1
kemejaku/business/keranjangs/usecase.go:47.13,49.3 1 1
kemejaku/business/keranjangs/usecase.go:53.16,55.3 1 1
kemejaku/business/keranjangs/usecase.go:60.111,61.13 1 1
kemejaku/business/keranjangs/usecase.go:65.2,67.16 2 1
kemejaku/business/keranjangs/usecase.go:71.2,71.20 1 1
kemejaku/business/keranjangs/usecase.go:61.13,63.3 1 1
kemejaku/business/keranjangs/usecase.go:67.16,69.3 1 1
kemejaku/business/keranjangs/usecase.go:74.99,75.13 1 1
kemejaku/business/keranjangs/usecase.go:79.2,81.16 2 1
kemejaku/business/keranjangs/usecase.go:85.2,85.20 1 1
kemejaku/business/keranjangs/usecase.go:75.13,77.3 1 1
kemejaku/business/keranjangs/usecase.go:81.16,83.3 1 1
kemejaku/business/sales/usecase.go:17.100,22.2 1 1
kemejaku/business/sales/usecase.go:24.90,26.23 1 1
kemejaku/business/sales/usecase.go:30.2,30.32 1 1
kemejaku/business/sales/usecase.go:34.2,36.16 2 1
kemejaku/business/sales/usecase.go:40.2,40.22 1 1
kemejaku/business/sales/usecase.go:26.23,28.3 1 1
kemejaku/business/sales/usecase.go:30.32,32.3 1 1
kemejaku/business/sales/usecase.go:36.16,38.3 1 1
kemejaku/business/sales/usecase.go:43.81,46.16 2 1
kemejaku/business/sales/usecase.go:50.2,50.22 1 1
kemejaku/business/sales/usecase.go:46.16,48.3 1 1
kemejaku/business/sales/usecase.go:53.90,54.13 1 1
kemejaku/business/sales/usecase.go:58.2,60.16 2 1
kemejaku/business/sales/usecase.go:64.2,64.22 1 1
kemejaku/business/sales/usecase.go:54.13,56.3 1 1
kemejaku/business/sales/usecase.go:60.16,62.3 1 1
kemejaku/business/sales/usecase.go:67.96,68.13 1 1
kemejaku/business/sales/usecase.go:72.2,72.23 1 1
kemejaku/business/sales/usecase.go:76.2,76.32 1 1
kemejaku/business/sales/usecase.go:80.2,82.16 2 1
kemejaku/business/sales/usecase.go:86.2,86.22 1 1
kemejaku/business/sales/usecase.go:68.13,70.3 1 1
kemejaku/business/sales/usecase.go:72.23,74.3 1 1
kemejaku/business/sales/usecase.go:76.32,78.3 1 1
kemejaku/business/sales/usecase.go:82.16,84.3 1 1
kemejaku/business/sales/usecase.go:89.87,90.13 1 1
kemejaku/business/sales/usecase.go:94.2,96.16 2 1
kemejaku/business/sales/usecase.go:100.2,100.22 1 1
kemejaku/business/sales/usecase.go:90.13,92.3 1 1
kemejaku/business/sales/usecase.go:96.16,98.3 1 1
kemejaku/business/users/usecase.go:23.130,29.2 1 1
kemejaku/business/users/usecase.go:32.85,33.22 1 1
kemejaku/business/users/usecase.go:37.2,37.25 1 1
kemejaku/business/users/usecase.go:41.2,43.16 2 1
kemejaku/business/users/usecase.go:47.2,49.19 2 0
kemejaku/business/users/usecase.go:53.2,55.22 2 0
kemejaku/business/users/usecase.go:33.22,35.3 1 1
kemejaku/business/users/usecase.go:37.25,39.3 1 1
kemejaku/business/users/usecase.go:43.16,45.3 1 1
kemejaku/business/users/usecase.go:49.19,51.3 1 0
kemejaku/business/users/usecase.go:58.82,61.16 2 1
kemejaku/business/users/usecase.go:65.2,65.22 1 1
kemejaku/business/users/usecase.go:61.16,63.3 1 1
kemejaku/business/users/usecase.go:68.86,69.22 1 1
kemejaku/business/users/usecase.go:73.2,73.25 1 1
kemejaku/business/users/usecase.go:77.2,83.16 4 1
kemejaku/business/users/usecase.go:87.2,87.22 1 1
kemejaku/business/users/usecase.go:69.22,71.3 1 1
kemejaku/business/users/usecase.go:73.25,75.3 1 1
kemejaku/business/users/usecase.go:83.16,85.3 1 1
kemejaku/business/users/usecase.go:90.90,91.13 1 1
kemejaku/business/users/usecase.go:95.2,97.16 2 1
kemejaku/business/users/usecase.go:101.2,101.22 1 1
kemejaku/business/users/usecase.go:91.13,93.3 1 1
kemejaku/business/users/usecase.go:97.16,99.3 1 1
kemejaku/business/users/usecase.go:104.96,105.13 1 1
kemejaku/business/users/usecase.go:109.2,109.22 1 1
kemejaku/business/users/usecase.go:113.2,113.25 1 1
kemejaku/business/users/usecase.go:117.2,122.16 4 1
kemejaku/business/users/usecase.go:126.2,126.22 1 1
kemejaku/business/users/usecase.go:105.13,107.3 1 1
kemejaku/business/users/usecase.go:109.22,111.3 1 1
kemejaku/business/users/usecase.go:113.25,115.3 1 1
kemejaku/business/users/usecase.go:122.16,124.3 1 1
kemejaku/business/users/usecase.go:129.87,130.13 1 1
kemejaku/business/users/usecase.go:134.2,136.16 2 1
kemejaku/business/users/usecase.go:140.2,140.22 1 1
kemejaku/business/users/usecase.go:130.13,132.3 1 1
kemejaku/business/users/usecase.go:136.16,138.3 1 1
