mode: set
kemejaku/business/users/usecase.go:21.96,27.2 1 1
kemejaku/business/users/usecase.go:30.85,34.16 2 1
kemejaku/business/users/usecase.go:40.2,40.22 1 1
kemejaku/business/users/usecase.go:34.16,36.3 1 1
kemejaku/business/users/usecase.go:43.82,46.16 2 1
kemejaku/business/users/usecase.go:50.2,50.22 1 1
kemejaku/business/users/usecase.go:46.16,48.3 1 0
kemejaku/business/users/usecase.go:53.86,56.16 2 0
kemejaku/business/users/usecase.go:60.2,60.22 1 0
kemejaku/business/users/usecase.go:56.16,58.3 1 0
kemejaku/business/users/usecase.go:63.90,66.16 2 0
kemejaku/business/users/usecase.go:70.2,70.22 1 0
kemejaku/business/users/usecase.go:66.16,68.3 1 0
kemejaku/business/users/usecase.go:73.96,76.16 2 0
kemejaku/business/users/usecase.go:80.2,80.22 1 0
kemejaku/business/users/usecase.go:76.16,78.3 1 0
kemejaku/business/users/usecase.go:83.87,86.16 2 0
kemejaku/business/users/usecase.go:90.2,90.22 1 0
kemejaku/business/users/usecase.go:86.16,88.3 1 0
